#
# There is insufficient memory for the Java Runtime Environment to continue.
# Native memory allocation (malloc) failed to allocate 8256 bytes. Error detail: AllocateHeap
# Possible reasons:
#   The system is out of physical RAM or swap space
#   This process is running with CompressedOops enabled, and the Java Heap may be blocking the growth of the native heap
# Possible solutions:
#   Reduce memory load on the system
#   Increase physical memory or swap space
#   Check if swap backing store is full
#   Decrease Java heap size (-Xmx/-Xms)
#   Decrease number of Java threads
#   Decrease Java thread stack sizes (-Xss)
#   Set larger code cache with -XX:ReservedCodeCacheSize=
#   JVM is running with Unscaled Compressed Oops mode in which the Java heap is
#     placed in the first 4GB address space. The Java Heap base address is the
#     maximum limit for the native heap growth. Please use -XX:HeapBaseMinAddress
#     to set the Java Heap base and to place the Java Heap above 4GB virtual address.
# This output file may be truncated or incomplete.
#
#  Out of Memory Error (allocation.cpp:44), pid=22420, tid=22840
#
# JRE version: OpenJDK Runtime Environment Temurin-21.0.10+7 (21.0.10+7) (build 21.0.10+7-LTS)
# Java VM: OpenJDK 64-Bit Server VM Temurin-21.0.10+7 (21.0.10+7-LTS, mixed mode, sharing, tiered, compressed oops, compressed class ptrs, parallel gc, windows-amd64)
# No core dump will be written. Minidumps are not enabled by default on client versions of Windows
#

---------------  S U M M A R Y ------------

Command Line: --add-modules=ALL-SYSTEM --add-opens=java.base/java.util=ALL-UNNAMED --add-opens=java.base/java.lang=ALL-UNNAMED --add-opens=java.base/sun.nio.fs=ALL-UNNAMED -Declipse.application=org.eclipse.jdt.ls.core.id1 -Dosgi.bundles.defaultStartLevel=4 -Declipse.product=org.eclipse.jdt.ls.core.product -Djava.import.generatesMetadataFilesAtProjectRoot=false -DDetectVMInstallationsJob.disabled=true -Dfile.encoding=utf8 -XX:+UseParallelGC -XX:GCTimeRatio=4 -XX:AdaptiveSizePolicyWeight=90 -Dsun.zip.disableMemoryMapping=true -Xmx2G -Xms100m -Xlog:disable -javaagent:c:\Users\ebesxiteen\.vscode\extensions\redhat.java-1.53.0-win32-x64\lombok\lombok-1.18.39-4050.jar c:\Users\ebesxiteen\.vscode\extensions\redhat.java-1.53.0-win32-x64\server\plugins\org.eclipse.equinox.launcher_1.7.100.v20251111-0406.jar -configuration c:\Users\ebesxiteen\AppData\Roaming\Code\User\globalStorage\redhat.java\1.53.0\config_ss_win -data c:\Users\ebesxiteen\AppData\Roaming\Code\User\workspaceStorage\fdfdea03ee1527c67c484d6a479c758a\redhat.java\ss_ws --pipe=\\.\pipe\lsp-4f98f68282fa09080e51b3806a3f5b10-sock

Host: AMD Ryzen 5 4600H with Radeon Graphics         , 4 cores, 15G,  Windows 10 , 64 bit Build 19041 (10.0.19041.5915)
Time: Tue Apr  7 19:32:26 2026 SE Asia Standard Time elapsed time: 0.942632 seconds (0d 0h 0m 0s)

---------------  T H R E A D  ---------------

Current thread (0x000001f8ff003730):  JavaThread "C2 CompilerThread1" [_thread_in_vm, id=22840, stack(0x000000510a800000,0x000000510a900000) (1024K)]

Stack: [0x000000510a800000,0x000000510a900000]
Native frames: (J=compiled Java code, j=interpreted, Vv=VM code, C=native code)
V  [jvm.dll+0x6d7a39]
V  [jvm.dll+0x8b4b26]
V  [jvm.dll+0x8b70de]
V  [jvm.dll+0x8b77c3]
V  [jvm.dll+0x284346]
V  [jvm.dll+0xc1147]
V  [jvm.dll+0x862619]
V  [jvm.dll+0x862f67]
V  [jvm.dll+0x86a258]
V  [jvm.dll+0x3f6067]
V  [jvm.dll+0x3f73f3]
V  [jvm.dll+0x6d626d]
C  [ucrtbase.dll+0x21bb2]
C  [KERNEL32.DLL+0x17374]
C  [ntdll.dll+0x4cc91]


---------------  P R O C E S S  ---------------

Threads class SMR info:
_java_thread_list=0x000001f8ff0e9fa0, length=11, elements={
0x000001f8f67e0fb0, 0x000001f8fe1c9260, 0x000001f8fe1cab70, 0x000001f8fe1cd3f0,
0x000001f8fe1ce310, 0x000001f8fe1d13a0, 0x000001f8fe1d2e10, 0x000001f8fe1d3c50,
0x000001f8fe249a50, 0x000001f8fef77e40, 0x000001f8fefe6d30
}
_to_delete_list=0x000001f8ff0c9900, length=12, elements={
0x000001f8f67e0fb0, 0x000001f8fe1c9260, 0x000001f8fe1cab70, 0x000001f8fe1cd3f0,
0x000001f8fe1ce310, 0x000001f8fe1d13a0, 0x000001f8fe1d2e10, 0x000001f8fe1d3c50,
0x000001f8fe249a50, 0x000001f8fef77e40, 0x000001f8ff003730, 0x000001f8fefe6d30
}

Java Threads: ( => current thread )
  0x000001f8f67e0fb0 JavaThread "main"                       [_thread_in_Java, id=28536, stack(0x0000005109b00000,0x0000005109c00000) (1024K)]
  0x000001f8fe1c9260 JavaThread "Reference Handler"          [_thread_blocked, id=32544, stack(0x0000005109f00000,0x000000510a000000) (1024K)]
  0x000001f8fe1cab70 JavaThread "Finalizer"                  [_thread_blocked, id=30568, stack(0x000000510a000000,0x000000510a100000) (1024K)]
  0x000001f8fe1cd3f0 JavaThread "Signal Dispatcher"          [_thread_blocked, id=29728, stack(0x000000510a100000,0x000000510a200000) (1024K)]
  0x000001f8fe1ce310 JavaThread "Attach Listener"            [_thread_blocked, id=34584, stack(0x000000510a200000,0x000000510a300000) (1024K)]
  0x000001f8fe1d13a0 JavaThread "Service Thread"             [_thread_blocked, id=19144, stack(0x000000510a300000,0x000000510a400000) (1024K)]
  0x000001f8fe1d2e10 JavaThread "Monitor Deflation Thread"   [_thread_blocked, id=29880, stack(0x000000510a400000,0x000000510a500000) (1024K)]
  0x000001f8fe1d3c50 JavaThread "C2 CompilerThread0"         [_thread_blocked, id=21676, stack(0x000000510a500000,0x000000510a600000) (1024K)]
  0x000001f8fe249a50 JavaThread "C1 CompilerThread0"         [_thread_blocked, id=32664, stack(0x000000510a600000,0x000000510a700000) (1024K)]
  0x000001f8fef77e40 JavaThread "Common-Cleaner"             [_thread_blocked, id=8908, stack(0x000000510a700000,0x000000510a800000) (1024K)]
  0x000001f8fefe6d30 JavaThread "Notification Thread"        [_thread_blocked, id=31448, stack(0x000000510a900000,0x000000510aa00000) (1024K)]
Total: 11

Other Threads:
  0x000001f8fe1be5b0 VMThread "VM Thread"                           [id=3944, stack(0x0000005109e00000,0x0000005109f00000) (1024K)]
  0x000001f8f6850360 WatcherThread "VM Periodic Task Thread"        [id=20188, stack(0x0000005109d00000,0x0000005109e00000) (1024K)]
  0x000001f8f6800540 WorkerThread "GC Thread#0"                     [id=30952, stack(0x0000005109c00000,0x0000005109d00000) (1024K)]

=>0x000001f8ff003730 (exited) JavaThread "C2 CompilerThread1" [_thread_in_vm, id=22840, stack(0x000000510a800000,0x000000510a900000) (1024K)]
Total: 4

Threads with active compile tasks:
Total: 0

VM state: not at safepoint (normal execution)

VM Mutex/Monitor currently owned by a thread:  ([mutex/lock_event])
[0x00007ffc21aae2e0] ThreadsLockThrottle_lock - owner thread: 0x000001f8ff003730
[0x00007ffc21aae560] Threads_lock - owner thread: 0x000001f8ff003730

Heap address: 0x0000000080000000, size: 2048 MB, Compressed Oops mode: 32-bit

CDS archive(s) mapped at: [0x000001f88f000000-0x000001f88fba0000-0x000001f88fba0000), size 12189696, SharedBaseAddress: 0x000001f88f000000, ArchiveRelocationMode: 1.
Compressed class space mapped at: 0x000001f890000000-0x000001f8d0000000, reserved size: 1073741824
Narrow klass base: 0x000001f88f000000, Narrow klass shift: 0, Narrow klass range: 0x100000000

GC Precious Log:
 CardTable entry size: 512
 CPUs: 4 total, 4 available
 Memory: 15733M
 Large Page Support: Disabled
 NUMA Support: Disabled
 Compressed Oops: Enabled (32-bit)
 Alignments: Space 512K, Generation 512K, Heap 2M
 Heap Min Capacity: 100M
 Heap Initial Capacity: 100M
 Heap Max Capacity: 2G
 Pre-touch: Disabled
 Parallel Workers: 4

Heap:
 PSYoungGen      total 29696K, used 17609K [0x00000000d5580000, 0x00000000d7680000, 0x0000000100000000)
  eden space 25600K, 68% used [0x00000000d5580000,0x00000000d66b27e8,0x00000000d6e80000)
  from space 4096K, 0% used [0x00000000d7280000,0x00000000d7280000,0x00000000d7680000)
  to   space 4096K, 0% used [0x00000000d6e80000,0x00000000d6e80000,0x00000000d7280000)
 ParOldGen       total 68608K, used 0K [0x0000000080000000, 0x0000000084300000, 0x00000000d5580000)
  object space 68608K, 0% used [0x0000000080000000,0x0000000080000000,0x0000000084300000)
 Metaspace       used 3538K, committed 3776K, reserved 1114112K
  class space    used 390K, committed 512K, reserved 1048576K

Card table byte_map: [0x000001f8f6190000,0x000001f8f65a0000] _byte_map_base: 0x000001f8f5d90000

Marking Bits: (ParMarkBitMap*) 0x00007ffc21ab3450
 Begin Bits: [0x000001f8f9ca0000, 0x000001f8fbca0000)
 End Bits:   [0x000001f8fbca0000, 0x000001f8fdca0000)

Polling page: 0x000001f8f45b0000

Metaspace:

Usage:
  Non-class:      3.07 MB used.
      Class:    390.24 KB used.
       Both:      3.46 MB used.

Virtual space:
  Non-class space:       64.00 MB reserved,       3.19 MB (  5%) committed,  1 nodes.
      Class space:        1.00 GB reserved,     512.00 KB ( <1%) committed,  1 nodes.
             Both:        1.06 GB reserved,       3.69 MB ( <1%) committed. 

Chunk freelists:
   Non-Class:  11.45 MB
       Class:  15.47 MB
        Both:  26.93 MB

MaxMetaspaceSize: unlimited
CompressedClassSpaceSize: 1.00 GB
Initial GC threshold: 21.00 MB
Current GC threshold: 21.00 MB
CDS: on
 - commit_granule_bytes: 65536.
 - commit_granule_words: 8192.
 - virtual_space_node_default_size: 8388608.
 - enlarge_chunks_in_place: 1.
 - use_allocation_guard: 0.


Internal statistics:

num_allocs_failed_limit: 0.
num_arena_births: 170.
num_arena_deaths: 0.
num_vsnodes_births: 2.
num_vsnodes_deaths: 0.
num_space_committed: 59.
num_space_uncommitted: 0.
num_chunks_returned_to_freelist: 0.
num_chunks_taken_from_freelist: 215.
num_chunk_merges: 0.
num_chunk_splits: 140.
num_chunks_enlarged: 77.
num_inconsistent_stats: 0.

CodeHeap 'non-profiled nmethods': size=120000Kb used=381Kb max_used=381Kb free=119618Kb
 bounds [0x000001f887ad0000, 0x000001f887d40000, 0x000001f88f000000]
CodeHeap 'profiled nmethods': size=120000Kb used=1411Kb max_used=1411Kb free=118588Kb
 bounds [0x000001f880000000, 0x000001f880270000, 0x000001f887530000]
CodeHeap 'non-nmethods': size=5760Kb used=1190Kb max_used=1206Kb free=4569Kb
 bounds [0x000001f887530000, 0x000001f8877a0000, 0x000001f887ad0000]
CodeCache: size=245760Kb, used=2982Kb, max_used=2998Kb, free=242775Kb
 total_blobs=1373, nmethods=923, adapters=357, full_count=0
Compilation: enabled, stopped_count=0, restarted_count=0

Compilation events (20 events):
Event: 0.919 Thread 0x000001f8fe249a50 nmethod 895 0x000001f880151d90 code [0x000001f880152060, 0x000001f880152cf8]
Event: 0.925 Thread 0x000001f8fe249a50  898       3       java.util.regex.Pattern$BmpCharProperty::match (55 bytes)
Event: 0.925 Thread 0x000001f8fe249a50 nmethod 898 0x000001f880153090 code [0x000001f880153280, 0x000001f880153710]
Event: 0.925 Thread 0x000001f8fe249a50  899       3       java.util.regex.Pattern$$Lambda/0x800000029::is (9 bytes)
Event: 0.925 Thread 0x000001f8fe249a50 nmethod 899 0x000001f880153890 code [0x000001f880153a40, 0x000001f880153c00]
Event: 0.925 Thread 0x000001f8fe249a50  900       3       java.util.regex.Pattern::lambda$Single$14 (11 bytes)
Event: 0.925 Thread 0x000001f8fe249a50 nmethod 900 0x000001f880153c90 code [0x000001f880153e20, 0x000001f880153f60]
Event: 0.927 Thread 0x000001f8fe249a50  901       3       java.lang.invoke.MethodHandleNatives::refKindIsField (32 bytes)
Event: 0.927 Thread 0x000001f8fe249a50 nmethod 901 0x000001f880154010 code [0x000001f8801541a0, 0x000001f8801542f0]
Event: 0.932 Thread 0x000001f8fe249a50  903       3       java.lang.Class::descriptorString (170 bytes)
Event: 0.933 Thread 0x000001f8fe249a50 nmethod 903 0x000001f880154390 code [0x000001f880154800, 0x000001f880155f50]
Event: 0.933 Thread 0x000001f8fe249a50  904       3       java.lang.invoke.MethodHandles$Lookup::isClassAccessible (53 bytes)
Event: 0.933 Thread 0x000001f8fe249a50 nmethod 904 0x000001f880156910 code [0x000001f880156b20, 0x000001f8801570c0]
Event: 0.933 Thread 0x000001f8fe249a50  905       3       jdk.internal.org.objectweb.asm.ClassWriter::visitMethod (57 bytes)
Event: 0.933 Thread 0x000001f8fe249a50 nmethod 905 0x000001f880157310 code [0x000001f8801574c0, 0x000001f880157758]
Event: 0.934 Thread 0x000001f8fe249a50  906       3       java.lang.invoke.MethodHandles$Lookup::checkAccess (200 bytes)
Event: 0.935 Thread 0x000001f8fe249a50 nmethod 906 0x000001f880157890 code [0x000001f880157b40, 0x000001f880158628]
Event: 0.941 Thread 0x000001f8fe249a50  907       3       java.lang.invoke.DirectMethodHandle::internalMemberName (8 bytes)
Event: 0.941 Thread 0x000001f8fe249a50 nmethod 907 0x000001f880158990 code [0x000001f880158b40, 0x000001f880158d28]
Event: 0.941 Thread 0x000001f8fe249a50  908       3       java.lang.StringConcatHelper::newString (67 bytes)

GC Heap History (0 events):
No events

Dll operation events (8 events):
Event: 0.010 Loaded shared library c:\Users\ebesxiteen\.vscode\extensions\redhat.java-1.53.0-win32-x64\jre\21.0.10-win32-x86_64\bin\java.dll
Event: 0.124 Loaded shared library c:\Users\ebesxiteen\.vscode\extensions\redhat.java-1.53.0-win32-x64\jre\21.0.10-win32-x86_64\bin\zip.dll
Event: 0.146 Loaded shared library C:\Users\ebesxiteen\.vscode\extensions\redhat.java-1.53.0-win32-x64\jre\21.0.10-win32-x86_64\bin\instrument.dll
Event: 0.151 Loaded shared library C:\Users\ebesxiteen\.vscode\extensions\redhat.java-1.53.0-win32-x64\jre\21.0.10-win32-x86_64\bin\net.dll
Event: 0.155 Loaded shared library C:\Users\ebesxiteen\.vscode\extensions\redhat.java-1.53.0-win32-x64\jre\21.0.10-win32-x86_64\bin\nio.dll
Event: 0.172 Loaded shared library C:\Users\ebesxiteen\.vscode\extensions\redhat.java-1.53.0-win32-x64\jre\21.0.10-win32-x86_64\bin\zip.dll
Event: 0.191 Loaded shared library C:\Users\ebesxiteen\.vscode\extensions\redhat.java-1.53.0-win32-x64\jre\21.0.10-win32-x86_64\bin\jimage.dll
Event: 0.273 Loaded shared library c:\Users\ebesxiteen\.vscode\extensions\redhat.java-1.53.0-win32-x64\jre\21.0.10-win32-x86_64\bin\verify.dll

Deoptimization events (20 events):
Event: 0.659 Thread 0x000001f8f67e0fb0 DEOPT PACKING pc=0x000001f8800fd404 sp=0x0000005109bfd4e0
Event: 0.659 Thread 0x000001f8f67e0fb0 DEOPT UNPACKING pc=0x000001f887584242 sp=0x0000005109bfc938 mode 0
Event: 0.659 Thread 0x000001f8f67e0fb0 DEOPT PACKING pc=0x000001f8800fd404 sp=0x0000005109bfd4e0
Event: 0.659 Thread 0x000001f8f67e0fb0 DEOPT UNPACKING pc=0x000001f887584242 sp=0x0000005109bfc938 mode 0
Event: 0.659 Thread 0x000001f8f67e0fb0 DEOPT PACKING pc=0x000001f8800fd404 sp=0x0000005109bfd600
Event: 0.659 Thread 0x000001f8f67e0fb0 DEOPT UNPACKING pc=0x000001f887584242 sp=0x0000005109bfca58 mode 0
Event: 0.659 Thread 0x000001f8f67e0fb0 DEOPT PACKING pc=0x000001f8800fd404 sp=0x0000005109bfd600
Event: 0.659 Thread 0x000001f8f67e0fb0 DEOPT UNPACKING pc=0x000001f887584242 sp=0x0000005109bfca58 mode 0
Event: 0.666 Thread 0x000001f8f67e0fb0 Uncommon trap: trap_request=0xffffff6e fr.pc=0x000001f887b1509c relative=0x00000000000001fc
Event: 0.666 Thread 0x000001f8f67e0fb0 Uncommon trap: reason=loop_limit_check action=maybe_recompile pc=0x000001f887b1509c method=java.math.BigInteger.implMulAdd([I[IIII)I @ 26 c2
Event: 0.666 Thread 0x000001f8f67e0fb0 DEOPT PACKING pc=0x000001f887b1509c sp=0x0000005109bfd6d0
Event: 0.666 Thread 0x000001f8f67e0fb0 DEOPT UNPACKING pc=0x000001f887583aa2 sp=0x0000005109bfd620 mode 2
Event: 0.832 Thread 0x000001f8f67e0fb0 Uncommon trap: trap_request=0xffffff45 fr.pc=0x000001f887b19f2c relative=0x000000000000008c
Event: 0.832 Thread 0x000001f8f67e0fb0 Uncommon trap: reason=unstable_if action=reinterpret pc=0x000001f887b19f2c method=jdk.internal.misc.Unsafe.convEndian(ZI)I @ 4 c2
Event: 0.832 Thread 0x000001f8f67e0fb0 DEOPT PACKING pc=0x000001f887b19f2c sp=0x0000005109bfda30
Event: 0.832 Thread 0x000001f8f67e0fb0 DEOPT UNPACKING pc=0x000001f887583aa2 sp=0x0000005109bfd960 mode 2
Event: 0.833 Thread 0x000001f8f67e0fb0 Uncommon trap: trap_request=0xffffff45 fr.pc=0x000001f887afef50 relative=0x00000000000005f0
Event: 0.833 Thread 0x000001f8f67e0fb0 Uncommon trap: reason=unstable_if action=reinterpret pc=0x000001f887afef50 method=java.lang.AbstractStringBuilder.append(Ljava/lang/String;)Ljava/lang/AbstractStringBuilder; @ 1 c2
Event: 0.833 Thread 0x000001f8f67e0fb0 DEOPT PACKING pc=0x000001f887afef50 sp=0x0000005109bfdd90
Event: 0.833 Thread 0x000001f8f67e0fb0 DEOPT UNPACKING pc=0x000001f887583aa2 sp=0x0000005109bfdd20 mode 2

Classes loaded (20 events):
Event: 0.930 Loading class java/util/stream/Streams$ConcatSpliterator done
Event: 0.930 Loading class java/util/stream/Streams$ConcatSpliterator$OfRef done
Event: 0.931 Loading class java/util/stream/StreamSpliterators$WrappingSpliterator
Event: 0.931 Loading class java/util/stream/StreamSpliterators$AbstractWrappingSpliterator
Event: 0.931 Loading class java/util/stream/StreamSpliterators$AbstractWrappingSpliterator done
Event: 0.931 Loading class java/util/stream/StreamSpliterators$WrappingSpliterator done
Event: 0.931 Loading class java/util/stream/Streams$2
Event: 0.931 Loading class java/util/stream/Streams$2 done
Event: 0.933 Loading class java/util/stream/StreamSpliterators
Event: 0.933 Loading class java/util/stream/StreamSpliterators done
Event: 0.934 Loading class java/util/stream/IntPipeline$1$1
Event: 0.934 Loading class java/util/stream/Sink$ChainedInt
Event: 0.934 Loading class java/util/stream/Sink$OfInt
Event: 0.934 Loading class java/util/stream/Sink$OfInt done
Event: 0.934 Loading class java/util/stream/Sink$ChainedInt done
Event: 0.934 Loading class java/util/stream/IntPipeline$1$1 done
Event: 0.934 Loading class java/util/stream/IntPipeline$4$1
Event: 0.934 Loading class java/util/stream/IntPipeline$4$1 done
Event: 0.934 Loading class java/util/function/BooleanSupplier
Event: 0.934 Loading class java/util/function/BooleanSupplier done

Classes unloaded (0 events):
No events

Classes redefined (0 events):
No events

Internal exceptions (20 events):
Event: 0.230 Thread 0x000001f8f67e0fb0 Exception <a 'java/lang/NoSuchMethodError'{0x00000000d59e82f8}: 'void java.lang.invoke.DelegatingMethodHandle$Holder.reinvoke_L(java.lang.Object, java.lang.Object, java.lang.Object, int, java.lang.Object)'> (0x00000000d59e82f8) 
thrown [s\src\hotspot\share\interpreter\linkResolver.cpp, line 773]
Event: 0.234 Thread 0x000001f8f67e0fb0 Exception <a 'java/lang/NoSuchMethodError'{0x00000000d59f8c48}: 'int java.lang.invoke.DirectMethodHandle$Holder.invokeSpecial(java.lang.Object, java.lang.Object, java.lang.Object)'> (0x00000000d59f8c48) 
thrown [s\src\hotspot\share\interpreter\linkResolver.cpp, line 773]
Event: 0.236 Thread 0x000001f8f67e0fb0 Exception <a 'java/lang/NoSuchMethodError'{0x00000000d5a04908}: 'java.lang.Object java.lang.invoke.DirectMethodHandle$Holder.invokeStatic(java.lang.Object, java.lang.Object, int)'> (0x00000000d5a04908) 
thrown [s\src\hotspot\share\interpreter\linkResolver.cpp, line 773]
Event: 0.236 Thread 0x000001f8f67e0fb0 Exception <a 'java/lang/NoSuchMethodError'{0x00000000d5a09258}: 'void java.lang.invoke.DirectMethodHandle$Holder.invokeStatic(java.lang.Object, java.lang.Object, int, java.lang.Object)'> (0x00000000d5a09258) 
thrown [s\src\hotspot\share\interpreter\linkResolver.cpp, line 773]
Event: 0.237 Thread 0x000001f8f67e0fb0 Exception <a 'java/lang/NoSuchMethodError'{0x00000000d5a0cde8}: 'void java.lang.invoke.DirectMethodHandle$Holder.invokeSpecial(java.lang.Object, java.lang.Object, java.lang.Object, int, java.lang.Object)'> (0x00000000d5a0cde8) 
thrown [s\src\hotspot\share\interpreter\linkResolver.cpp, line 773]
Event: 0.237 Thread 0x000001f8f67e0fb0 Exception <a 'java/lang/NoSuchMethodError'{0x00000000d5a10258}: 'void java.lang.invoke.DelegatingMethodHandle$Holder.delegate(java.lang.Object, java.lang.Object, int, java.lang.Object)'> (0x00000000d5a10258) 
thrown [s\src\hotspot\share\interpreter\linkResolver.cpp, line 773]
Event: 0.312 Thread 0x000001f8f67e0fb0 Exception <a 'java/lang/NoSuchMethodError'{0x00000000d5bd0118}: 'void java.lang.invoke.DelegatingMethodHandle$Holder.reinvoke_L(java.lang.Object, java.lang.Object, java.lang.Object, int)'> (0x00000000d5bd0118) 
thrown [s\src\hotspot\share\interpreter\linkResolver.cpp, line 773]
Event: 0.513 Thread 0x000001f8f67e0fb0 Exception <a 'java/lang/NoSuchMethodError'{0x00000000d6060c10}: 'void java.lang.invoke.DirectMethodHandle$Holder.invokeVirtual(java.lang.Object, java.lang.Object)'> (0x00000000d6060c10) 
thrown [s\src\hotspot\share\interpreter\linkResolver.cpp, line 773]
Event: 0.795 Thread 0x000001f8f67e0fb0 Exception <a 'java/lang/NoSuchMethodError'{0x00000000d643a498}: 'void java.lang.invoke.DirectMethodHandle$Holder.invokeStatic(java.lang.Object, java.lang.Object)'> (0x00000000d643a498) 
thrown [s\src\hotspot\share\interpreter\linkResolver.cpp, line 773]
Event: 0.798 Thread 0x000001f8f67e0fb0 Exception <a 'java/lang/ClassNotFoundException'{0x00000000d645fe98}: sun/net/www/protocol/c/Handler> (0x00000000d645fe98) 
thrown [s\src\hotspot\share\classfile\systemDictionary.cpp, line 312]
Event: 0.816 Thread 0x000001f8f67e0fb0 Exception <a 'java/io/FileNotFoundException'{0x00000000d64bcd78}> (0x00000000d64bcd78) 
thrown [s\src\hotspot\share\prims\jni.cpp, line 520]
Event: 0.829 Thread 0x000001f8f67e0fb0 Exception <a 'java/io/FileNotFoundException'{0x00000000d64be0b0}> (0x00000000d64be0b0) 
thrown [s\src\hotspot\share\prims\jni.cpp, line 520]
Event: 0.830 Thread 0x000001f8f67e0fb0 Exception <a 'java/io/FileNotFoundException'{0x00000000d64bed38}> (0x00000000d64bed38) 
thrown [s\src\hotspot\share\prims\jni.cpp, line 520]
Event: 0.830 Thread 0x000001f8f67e0fb0 Exception <a 'java/io/FileNotFoundException'{0x00000000d64bf8a8}> (0x00000000d64bf8a8) 
thrown [s\src\hotspot\share\prims\jni.cpp, line 520]
Event: 0.833 Thread 0x000001f8f67e0fb0 Implicit null exception at 0x000001f887afe9a4 to 0x000001f887afef38
Event: 0.839 Thread 0x000001f8f67e0fb0 Exception <a 'java/io/FileNotFoundException'{0x00000000d64f7d40}> (0x00000000d64f7d40) 
thrown [s\src\hotspot\share\prims\jni.cpp, line 520]
Event: 0.849 Thread 0x000001f8f67e0fb0 Exception <a 'java/lang/NoSuchMethodError'{0x00000000d65311f0}: 'java.lang.Object java.lang.invoke.DirectMethodHandle$Holder.invokeInterface(java.lang.Object, java.lang.Object)'> (0x00000000d65311f0) 
thrown [s\src\hotspot\share\interpreter\linkResolver.cpp, line 773]
Event: 0.851 Thread 0x000001f8f67e0fb0 Exception <a 'java/lang/NoSuchMethodError'{0x00000000d6544a30}: 'java.lang.Object java.lang.invoke.Invokers$Holder.invokeExact_MT(java.lang.Object, java.lang.Object, java.lang.Object, java.lang.Object, java.lang.Object, java.lang.Object)'> (0x00000000d6544a30) 
thrown [s\src\hotspot\share\interpreter\linkResolver.cpp, line 773]
Event: 0.859 Thread 0x000001f8f67e0fb0 Exception <a 'java/lang/NoSuchMethodError'{0x00000000d655bb08}: 'int java.lang.invoke.DirectMethodHandle$Holder.invokeStatic(java.lang.Object, java.lang.Object, java.lang.Object, java.lang.Object, java.lang.Object)'> (0x00000000d655bb08) 
thrown [s\src\hotspot\share\interpreter\linkResolver.cpp, line 773]
Event: 0.929 Thread 0x000001f8f67e0fb0 Exception <a 'java/lang/NoSuchMethodError'{0x00000000d65ef358}: 'java.lang.Object java.lang.invoke.DirectMethodHandle$Holder.invokeInterface(java.lang.Object, java.lang.Object, int)'> (0x00000000d65ef358) 
thrown [s\src\hotspot\share\interpreter\linkResolver.cpp, line 773]

ZGC Phase Switch (0 events):
No events

VM Operations (8 events):
Event: 0.122 Executing non-safepoint VM operation: HandshakeAllThreads (Deoptimize)
Event: 0.122 Executing non-safepoint VM operation: HandshakeAllThreads (Deoptimize) done
Event: 0.202 Executing non-safepoint VM operation: HandshakeAllThreads (Deoptimize)
Event: 0.202 Executing non-safepoint VM operation: HandshakeAllThreads (Deoptimize) done
Event: 0.674 Executing non-safepoint VM operation: HandshakeAllThreads (Deoptimize)
Event: 0.675 Executing non-safepoint VM operation: HandshakeAllThreads (Deoptimize) done
Event: 0.768 Executing non-safepoint VM operation: HandshakeAllThreads (Deoptimize)
Event: 0.768 Executing non-safepoint VM operation: HandshakeAllThreads (Deoptimize) done

Memory protections (0 events):
No events

Nmethod flushes (0 events):
No events

Events (12 events):
Event: 0.034 Thread 0x000001f8f67e0fb0 Thread added: 0x000001f8f67e0fb0
Event: 0.061 Thread 0x000001f8f67e0fb0 Thread added: 0x000001f8fe1c9260
Event: 0.061 Thread 0x000001f8f67e0fb0 Thread added: 0x000001f8fe1cab70
Event: 0.062 Thread 0x000001f8f67e0fb0 Thread added: 0x000001f8fe1cd3f0
Event: 0.062 Thread 0x000001f8f67e0fb0 Thread added: 0x000001f8fe1ce310
Event: 0.062 Thread 0x000001f8f67e0fb0 Thread added: 0x000001f8fe1d13a0
Event: 0.062 Thread 0x000001f8f67e0fb0 Thread added: 0x000001f8fe1d2e10
Event: 0.062 Thread 0x000001f8f67e0fb0 Thread added: 0x000001f8fe1d3c50
Event: 0.067 Thread 0x000001f8f67e0fb0 Thread added: 0x000001f8fe249a50
Event: 0.148 Thread 0x000001f8f67e0fb0 Thread added: 0x000001f8fef77e40
Event: 0.271 Thread 0x000001f8fe249a50 Thread added: 0x000001f8ff003730
Event: 0.418 Thread 0x000001f8f67e0fb0 Thread added: 0x000001f8fefe6d30


Dynamic libraries:
0x00007ff661de0000 - 0x00007ff661dee000 	c:\Users\ebesxiteen\.vscode\extensions\redhat.java-1.53.0-win32-x64\jre\21.0.10-win32-x86_64\bin\java.exe
0x00007ffc83d50000 - 0x00007ffc83f48000 	C:\WINDOWS\SYSTEM32\ntdll.dll
0x00007ffc82320000 - 0x00007ffc823e2000 	C:\WINDOWS\System32\KERNEL32.DLL
0x00007ffc81540000 - 0x00007ffc81836000 	C:\WINDOWS\System32\KERNELBASE.dll
0x00007ffc81bd0000 - 0x00007ffc81cd0000 	C:\WINDOWS\System32\ucrtbase.dll
0x00007ffc68e80000 - 0x00007ffc68e98000 	c:\Users\ebesxiteen\.vscode\extensions\redhat.java-1.53.0-win32-x64\jre\21.0.10-win32-x86_64\bin\jli.dll
0x00007ffc83a40000 - 0x00007ffc83be1000 	C:\WINDOWS\System32\USER32.dll
0x00007ffc81840000 - 0x00007ffc81862000 	C:\WINDOWS\System32\win32u.dll
0x00007ffc83120000 - 0x00007ffc8314b000 	C:\WINDOWS\System32\GDI32.dll
0x00007ffc81ab0000 - 0x00007ffc81bc9000 	C:\WINDOWS\System32\gdi32full.dll
0x00007ffc682f0000 - 0x00007ffc6830e000 	c:\Users\ebesxiteen\.vscode\extensions\redhat.java-1.53.0-win32-x64\jre\21.0.10-win32-x86_64\bin\VCRUNTIME140.dll
0x00007ffc689c0000 - 0x00007ffc68c5b000 	C:\WINDOWS\WinSxS\amd64_microsoft.windows.common-controls_6595b64144ccf1df_6.0.19041.6456_none_60b8a6cb71f64256\COMCTL32.dll
0x00007ffc83330000 - 0x00007ffc833ce000 	C:\WINDOWS\System32\msvcrt.dll
0x00007ffc81cd0000 - 0x00007ffc81d6d000 	C:\WINDOWS\System32\msvcp_win.dll
0x00007ffc82ec0000 - 0x00007ffc82eef000 	C:\WINDOWS\System32\IMM32.DLL
0x00007ffc7b890000 - 0x00007ffc7b89c000 	c:\Users\ebesxiteen\.vscode\extensions\redhat.java-1.53.0-win32-x64\jre\21.0.10-win32-x86_64\bin\vcruntime140_1.dll
0x00007ffc441f0000 - 0x00007ffc4427d000 	c:\Users\ebesxiteen\.vscode\extensions\redhat.java-1.53.0-win32-x64\jre\21.0.10-win32-x86_64\bin\msvcp140.dll
0x00007ffc20df0000 - 0x00007ffc21b91000 	c:\Users\ebesxiteen\.vscode\extensions\redhat.java-1.53.0-win32-x64\jre\21.0.10-win32-x86_64\bin\server\jvm.dll
0x00007ffc834a0000 - 0x00007ffc83551000 	C:\WINDOWS\System32\ADVAPI32.dll
0x00007ffc83150000 - 0x00007ffc831ef000 	C:\WINDOWS\System32\sechost.dll
0x00007ffc821f0000 - 0x00007ffc82310000 	C:\WINDOWS\System32\RPCRT4.dll
0x00007ffc81490000 - 0x00007ffc814b7000 	C:\WINDOWS\System32\bcrypt.dll
0x00007ffc83560000 - 0x00007ffc835cb000 	C:\WINDOWS\System32\WS2_32.dll
0x00007ffc80970000 - 0x00007ffc809bb000 	C:\WINDOWS\SYSTEM32\POWRPROF.dll
0x00007ffc75680000 - 0x00007ffc756a7000 	C:\WINDOWS\SYSTEM32\WINMM.dll
0x00007ffc79660000 - 0x00007ffc7966a000 	C:\WINDOWS\SYSTEM32\VERSION.dll
0x00007ffc807e0000 - 0x00007ffc807f2000 	C:\WINDOWS\SYSTEM32\UMPDC.dll
0x00007ffc7f170000 - 0x00007ffc7f182000 	C:\WINDOWS\SYSTEM32\kernel.appcore.dll
0x00007ffc7b230000 - 0x00007ffc7b23a000 	c:\Users\ebesxiteen\.vscode\extensions\redhat.java-1.53.0-win32-x64\jre\21.0.10-win32-x86_64\bin\jimage.dll
0x00007ffc6aa30000 - 0x00007ffc6ac31000 	C:\WINDOWS\SYSTEM32\DBGHELP.DLL
0x00007ffc61280000 - 0x00007ffc612b4000 	C:\WINDOWS\SYSTEM32\dbgcore.DLL
0x00007ffc81870000 - 0x00007ffc818f2000 	C:\WINDOWS\System32\bcryptPrimitives.dll
0x00007ffc7b210000 - 0x00007ffc7b21f000 	c:\Users\ebesxiteen\.vscode\extensions\redhat.java-1.53.0-win32-x64\jre\21.0.10-win32-x86_64\bin\instrument.dll
0x00007ffc68100000 - 0x00007ffc68120000 	c:\Users\ebesxiteen\.vscode\extensions\redhat.java-1.53.0-win32-x64\jre\21.0.10-win32-x86_64\bin\java.dll
0x00007ffc823f0000 - 0x00007ffc82b60000 	C:\WINDOWS\System32\SHELL32.dll
0x00007ffc7f450000 - 0x00007ffc7fbf5000 	C:\WINDOWS\SYSTEM32\windows.storage.dll
0x00007ffc82b60000 - 0x00007ffc82eb4000 	C:\WINDOWS\System32\combase.dll
0x00007ffc80e10000 - 0x00007ffc80e3b000 	C:\WINDOWS\SYSTEM32\Wldp.dll
0x00007ffc833d0000 - 0x00007ffc8349d000 	C:\WINDOWS\System32\OLEAUT32.dll
0x00007ffc81fd0000 - 0x00007ffc8207d000 	C:\WINDOWS\System32\SHCORE.dll
0x00007ffc82190000 - 0x00007ffc821eb000 	C:\WINDOWS\System32\shlwapi.dll
0x00007ffc81310000 - 0x00007ffc81334000 	C:\WINDOWS\SYSTEM32\profapi.dll
0x00007ffc56f10000 - 0x00007ffc56f28000 	c:\Users\ebesxiteen\.vscode\extensions\redhat.java-1.53.0-win32-x64\jre\21.0.10-win32-x86_64\bin\zip.dll
0x00007ffc7a790000 - 0x00007ffc7a7a0000 	C:\Users\ebesxiteen\.vscode\extensions\redhat.java-1.53.0-win32-x64\jre\21.0.10-win32-x86_64\bin\net.dll
0x00007ffc77320000 - 0x00007ffc7742a000 	C:\WINDOWS\SYSTEM32\WINHTTP.dll
0x00007ffc80b70000 - 0x00007ffc80bda000 	C:\WINDOWS\system32\mswsock.dll
0x00007ffc56bb0000 - 0x00007ffc56bc6000 	C:\Users\ebesxiteen\.vscode\extensions\redhat.java-1.53.0-win32-x64\jre\21.0.10-win32-x86_64\bin\nio.dll
0x00007ffc7a630000 - 0x00007ffc7a640000 	c:\Users\ebesxiteen\.vscode\extensions\redhat.java-1.53.0-win32-x64\jre\21.0.10-win32-x86_64\bin\verify.dll

JVMTI agents:
c:\Users\ebesxiteen\.vscode\extensions\redhat.java-1.53.0-win32-x64\lombok\lombok-1.18.39-4050.jar path:c:\Users\ebesxiteen\.vscode\extensions\redhat.java-1.53.0-win32-x64\jre\21.0.10-win32-x86_64\bin\instrument.dll, loaded, initialized, instrumentlib options:none

dbghelp: loaded successfully - version: 4.0.5 - missing functions: none
symbol engine: initialized successfully - sym options: 0x614 - pdb path: .;c:\Users\ebesxiteen\.vscode\extensions\redhat.java-1.53.0-win32-x64\jre\21.0.10-win32-x86_64\bin;C:\WINDOWS\SYSTEM32;C:\WINDOWS\WinSxS\amd64_microsoft.windows.common-controls_6595b64144ccf1df_6.0.19041.6456_none_60b8a6cb71f64256;c:\Users\ebesxiteen\.vscode\extensions\redhat.java-1.53.0-win32-x64\jre\21.0.10-win32-x86_64\bin\server

VM Arguments:
jvm_args: --add-modules=ALL-SYSTEM --add-opens=java.base/java.util=ALL-UNNAMED --add-opens=java.base/java.lang=ALL-UNNAMED --add-opens=java.base/sun.nio.fs=ALL-UNNAMED -Declipse.application=org.eclipse.jdt.ls.core.id1 -Dosgi.bundles.defaultStartLevel=4 -Declipse.product=org.eclipse.jdt.ls.core.product -Djava.import.generatesMetadataFilesAtProjectRoot=false -DDetectVMInstallationsJob.disabled=true -Dfile.encoding=utf8 -XX:+UseParallelGC -XX:GCTimeRatio=4 -XX:AdaptiveSizePolicyWeight=90 -Dsun.zip.disableMemoryMapping=true -Xmx2G -Xms100m -Xlog:disable -javaagent:c:\Users\ebesxiteen\.vscode\extensions\redhat.java-1.53.0-win32-x64\lombok\lombok-1.18.39-4050.jar 
java_command: c:\Users\ebesxiteen\.vscode\extensions\redhat.java-1.53.0-win32-x64\server\plugins\org.eclipse.equinox.launcher_1.7.100.v20251111-0406.jar -configuration c:\Users\ebesxiteen\AppData\Roaming\Code\User\globalStorage\redhat.java\1.53.0\config_ss_win -data c:\Users\ebesxiteen\AppData\Roaming\Code\User\workspaceStorage\fdfdea03ee1527c67c484d6a479c758a\redhat.java\ss_ws --pipe=\\.\pipe\lsp-4f98f68282fa09080e51b3806a3f5b10-sock
java_class_path (initial): c:\Users\ebesxiteen\.vscode\extensions\redhat.java-1.53.0-win32-x64\server\plugins\org.eclipse.equinox.launcher_1.7.100.v20251111-0406.jar
Launcher Type: SUN_STANDARD

[Global flags]
    uintx AdaptiveSizePolicyWeight                 = 90                                        {product} {command line}
     intx CICompilerCount                          = 3                                         {product} {ergonomic}
    uintx GCTimeRatio                              = 4                                         {product} {command line}
   size_t InitialHeapSize                          = 104857600                                 {product} {command line}
   size_t MaxHeapSize                              = 2147483648                                {product} {command line}
   size_t MaxNewSize                               = 715653120                                 {product} {ergonomic}
   size_t MinHeapDeltaBytes                        = 524288                                    {product} {ergonomic}
   size_t MinHeapSize                              = 104857600                                 {product} {command line}
   size_t NewSize                                  = 34603008                                  {product} {ergonomic}
    uintx NonNMethodCodeHeapSize                   = 5832780                                {pd product} {ergonomic}
    uintx NonProfiledCodeHeapSize                  = 122912730                              {pd product} {ergonomic}
   size_t OldSize                                  = 70254592                                  {product} {ergonomic}
    uintx ProfiledCodeHeapSize                     = 122912730                              {pd product} {ergonomic}
    uintx ReservedCodeCacheSize                    = 251658240                              {pd product} {ergonomic}
     bool SegmentedCodeCache                       = true                                      {product} {ergonomic}
   size_t SoftMaxHeapSize                          = 2147483648                             {manageable} {ergonomic}
     bool UseCompressedOops                        = true                           {product lp64_product} {ergonomic}
     bool UseLargePagesIndividualAllocation        = false                                  {pd product} {ergonomic}
     bool UseParallelGC                            = true                                      {product} {command line}

Logging:
Log output configuration:
 #0: stdout all=off uptime,level,tags foldmultilines=false
 #1: stderr all=off uptime,level,tags foldmultilines=false

Release file:
JAVA_VERSION="21.0.10" 
MODULES="java.base java.compiler java.datatransfer java.xml java.prefs java.desktop java.instrument java.logging java.management java.security.sasl java.naming java.rmi java.management.rmi java.net.http java.scripting java.security.jgss java.transaction.xa java.sql java.sql.rowset java.xml.crypto java.se java.smartcardio jdk.accessibility jdk.internal.jvmstat jdk.attach jdk.charsets jdk.internal.opt jdk.zipfs jdk.compiler jdk.crypto.ec jdk.crypto.cryptoki jdk.crypto.mscapi jdk.dynalink jdk.internal.ed jdk.editpad jdk.hotspot.agent jdk.httpserver jdk.internal.le jdk.internal.vm.ci jdk.internal.vm.compiler jdk.internal.vm.compiler.management jdk.jartool jdk.javadoc jdk.jcmd jdk.management jdk.management.agent jdk.jconsole jdk.jdeps jdk.jdwp.agent jdk.jdi jdk.jfr jdk.jshell jdk.jsobject jdk.jstatd jdk.localedata jdk.management.jfr jdk.naming.dns jdk.naming.rmi jdk.net jdk.nio.mapmode jdk.random jdk.sctp jdk.security.auth jdk.security.jgss jdk.unsupported jdk.unsupported.desktop jdk.xml.dom" 

Environment Variables:
JAVA_HOME=C:\Program Files\Java\jdk-21
PATH=C:\Python314\Scripts\;C:\Python314\;C:\Program Files\Common Files\Oracle\Java\javapath;C:\WINDOWS\system32;C:\WINDOWS;C:\WINDOWS\System32\Wbem;C:\WINDOWS\System32\WindowsPowerShell\v1.0\;C:\WINDOWS\System32\OpenSSH\;C:\Program Files (x86)\Windows Kits\8.1\Windows Performance Toolkit\;C:\Program Files\Azure Data Studio\bin;C:\Program Files\Git\cmd;C:\Program Files (x86)\Microsoft SQL Server\160\Tools\Binn\;C:\Program Files\Microsoft SQL Server\160\Tools\Binn\;C:\Program Files\Microsoft SQL Server\Client SDK\ODBC\170\Tools\Binn\;C:\Program Files\Microsoft SQL Server\160\DTS\Binn\;C:\Program Files (x86)\Microsoft SQL Server\160\DTS\Binn\;C:\Users\ebesxiteen\AppData\Local\Android\Sdk\platform-tools;C:\xampp\mysql\bin;C:\xampp\php;C:\composer;C:\Program Files\dotnet\;C:\Program Files\Java\jdk-21\bin;C:\Program Files\maven\apache-maven-3.9.11\bin;C:\Program Files\nodejs\;C:\ProgramData\chocolatey\bin;C:\Program Files\Microsoft SQL Server\170\Tools\Binn\;C:\Users\Quy\AppData\Local\Programs\Python\Python311\Scripts\;C:\Users\Quy\AppData\Local\Programs\Python\Python311\;C:\Users\ebesxiteen\AppData\Local\Microsoft\WindowsApps;C:\Users\Quy\AppData\Roaming\npm;C:\Program Files\Azure Data Studio\bin;C:\mingw64\bin;C:\Users\ebesxiteen\AppData\Local\GitHubDesktop\bin;C:\ProgramData\Quy\GitHubDesktop\bin;C:\Users\ebesxiteen\AppData\Roaming\Composer\vendor\bin;C:\Users\ebesxiteen\.dotnet\tools;C:\Users\ebesxiteen\AppData\Local\Programs\Microsoft VS Code\bin;C:\Users\ebesxiteen\AppData\Roaming\npm
USERNAME=Quy
OS=Windows_NT
PROCESSOR_IDENTIFIER=AMD64 Family 23 Model 96 Stepping 1, AuthenticAMD
TMP=C:\Users\EBESXI~1\AppData\Local\Temp
TEMP=C:\Users\EBESXI~1\AppData\Local\Temp




Periodic native trim disabled

---------------  S Y S T E M  ---------------

OS:
 Windows 10 , 64 bit Build 19041 (10.0.19041.5915)
OS uptime: 36 days 17:28 hours

CPU: total 4 (initial active 4) (12 cores per cpu, 2 threads per core) family 23 model 96 stepping 1 microcode 0x0, cx8, cmov, fxsr, ht, mmx, 3dnowpref, sse, sse2, sse3, ssse3, sse4a, sse4.1, sse4.2, popcnt, lzcnt, tsc, tscinvbit, avx, avx2, aes, clmul, bmi1, bmi2, adx, sha, fma, vzeroupper, clflush, clflushopt, rdtscp, rdpid, f16c
Processor Information for the first 4 processors :
  Max Mhz: 3000, Current Mhz: 3000, Mhz Limit: 3000

Memory: 4k page, system-wide physical 15733M (1369M free)
TotalPageFile size 22901M (AvailPageFile size 2M)
current process WorkingSet (physical memory assigned to process): 63M, peak: 63M
current process commit charge ("private bytes"): 218M, peak: 219M

vm_info: OpenJDK 64-Bit Server VM (21.0.10+7-LTS) for windows-amd64 JRE (21.0.10+7-LTS), built on 2026-01-20T00:00:00Z by "admin" with MS VC++ 17.12 (VS2022)

END.
